<?xml version="1.0" encoding="UTF-8"?>
<testsuite name="LeapYearTest" tests="4" skipped="0" failures="0" errors="0" timestamp="2017-06-28T21:45:58" hostname="epicodus-2.local" time="0.002">
  <properties/>
  <testcase name="isLeapYear_forNumbersDivisibleByFour_true" classname="LeapYearTest" time="0.001"/>
  <testcase name="isLeapYear_forNumberMultiplesOfOneHundred_false" classname="LeapYearTest" time="0.0"/>
  <testcase name="isLeapYear_forNumberMultiplesOfOneHundred_true" classname="LeapYearTest" time="0.0"/>
  <testcase name="isLeapYear_forNumbersNotDivisibleByFour_false" classname="LeapYearTest" time="0.0"/>
  <system-out><![CDATA[]]></system-out>
  <system-err><![CDATA[]]></system-err>
</testsuite>
